<?xml version="1.0" encoding="UTF-8"?>
<!-- Generated by org.testng.reporters.JUnitReportReporter -->
<testsuite hostname="LX-BLR-LT-009" failures="0" tests="3" name="LinkCxOWeb.TestCase.WebTestCases" time="28.531" errors="0" timestamp="2025-03-12T10:39:48 IST" skipped="1">
  <testcase classname="LinkCxOWeb.TestCase.WebTestCases" name="loginviaMobileNumber" time="16.467"/>
  <system-out/>
  <testcase classname="LinkCxOWeb.TestCase.WebTestCases" name="CreateArticle" time="12.064"/>
  <system-out/>
  <testcase classname="LinkCxOWeb.TestCase.WebTestCases" name="CreatePost">
    <skipped/>
  </testcase> <!-- CreatePost -->
  <system-out/>
</testsuite> <!-- LinkCxOWeb.TestCase.WebTestCases -->
