<?xml version="1.0" encoding="UTF-8"?>
<!-- Generated by org.testng.reporters.JUnitReportReporter -->
<testsuite hostname="LX-BLR-LT-009" failures="0" tests="7" name="LinkCxOWeb.TestCase.WebTestCases" time="14.424" errors="0" timestamp="2025-03-21T16:31:30 IST" skipped="5">
  <testcase classname="LinkCxOWeb.TestCase.WebTestCases" name="loginviaMobileNumber" time="11.258"/>
  <system-out/>
  <testcase classname="LinkCxOWeb.TestCase.WebTestCases" name="CreatEvent" time="3.166"/>
  <system-out/>
  <testcase classname="LinkCxOWeb.TestCase.WebTestCases" name="CreateQuery">
    <skipped/>
  </testcase> <!-- CreateQuery -->
  <system-out/>
  <testcase classname="LinkCxOWeb.TestCase.WebTestCases" name="CreateArticle">
    <skipped/>
  </testcase> <!-- CreateArticle -->
  <system-out/>
  <testcase classname="LinkCxOWeb.TestCase.WebTestCases" name="CreatePost">
    <skipped/>
  </testcase> <!-- CreatePost -->
  <system-out/>
  <testcase classname="LinkCxOWeb.TestCase.WebTestCases" name="CreatePoll">
    <skipped/>
  </testcase> <!-- CreatePoll -->
  <system-out/>
  <testcase classname="LinkCxOWeb.TestCase.WebTestCases" name="CreateJob">
    <skipped/>
  </testcase> <!-- CreateJob -->
  <system-out/>
</testsuite> <!-- LinkCxOWeb.TestCase.WebTestCases -->
