<?xml version="1.0" encoding="UTF-8"?>
<!-- Generated by org.testng.reporters.JUnitReportReporter -->
<testsuite hostname="LX-BLR-LT-009" failures="0" tests="2" name="LinkCxOWeb.TestCase.WebTestCases" time="23.804" errors="0" timestamp="2025-03-05T11:12:16 IST" skipped="0">
  <testcase classname="LinkCxOWeb.TestCase.WebTestCases" name="loginviaMobileNumber" time="16.285"/>
  <system-out/>
  <testcase classname="LinkCxOWeb.TestCase.WebTestCases" name="CreatePost" time="7.519"/>
  <system-out/>
</testsuite> <!-- LinkCxOWeb.TestCase.WebTestCases -->
